<?xml version="1.0" encoding="UTF-8"?>
<!-- Generated by org.testng.reporters.JUnitReportReporter -->
<testsuite hostname="DESKTOP-1BLPAMA" failures="0" tests="1" name="com.utest.loginpage_utest" time="6.094" errors="0" timestamp="10 thg 1 2023 09:23:20 GMT" skipped="0">
  <testcase classname="com.utest.loginpage_utest" name="TC_01_Check_Enter_LogInPage" time="6.094"/>
</testsuite> <!-- com.utest.loginpage_utest -->
