<?xml version="1.0" encoding="UTF-8"?>
<!-- Generated by org.testng.reporters.JUnitReportReporter -->
<testsuite hostname="DESKTOP-1BLPAMA" failures="0" tests="1" name="com.utest.loginpage_utest" time="7.164" errors="0" timestamp="12 thg 1 2023 02:43:25 GMT" skipped="0">
  <testcase classname="com.utest.loginpage_utest" name="TC_01_Check_Enter_LogInPage" time="7.164"/>
</testsuite> <!-- com.utest.loginpage_utest -->
