<?xml version="1.0" encoding="UTF-8"?>
<!-- Generated by org.testng.reporters.JUnitReportReporter -->
<testsuite hostname="DESKTOP-1BLPAMA" failures="0" tests="1" name="com.utest.projectspage_utest" time="5.849" errors="0" timestamp="06 thg 1 2023 07:44:43 GMT" skipped="0">
  <testcase classname="com.utest.projectspage_utest" name="TC_01_Check_Filter" time="5.849"/>
</testsuite> <!-- com.utest.projectspage_utest -->
