<?xml version="1.0" encoding="UTF-8"?>
<!-- Generated by org.testng.reporters.JUnitReportReporter -->
<testsuite hostname="DESKTOP-1BLPAMA" failures="0" tests="1" name="com.utest.loginpage_utest" time="7.121" errors="0" timestamp="11 thg 1 2023 01:12:05 GMT" skipped="0">
  <testcase classname="com.utest.loginpage_utest" name="TC_01_Check_Enter_LogInPage" time="7.121"/>
</testsuite> <!-- com.utest.loginpage_utest -->
