<?xml version="1.0" encoding="UTF-8"?>
<!-- Generated by org.testng.reporters.JUnitReportReporter -->
<testsuite hostname="DESKTOP-1BLPAMA" failures="0" tests="1" name="com.utest.projectspage_utest" time="8.087" errors="0" timestamp="09 thg 1 2023 08:32:53 GMT" skipped="0">
  <testcase classname="com.utest.projectspage_utest" name="TC_01_Check_Filter" time="8.087"/>
</testsuite> <!-- com.utest.projectspage_utest -->
